Failed to load sprite: /pieces/R/states/idle/sprites/sprites0/6.png
Failed to load sprite: /pieces/R/states/jump/sprites/sprites0/6.png
Failed to load sprite: /pieces/R/states/long_rest/sprites/sprites0/6.png
Failed to load sprite: /pieces/R/states/move/sprites/sprites0/6.png
Failed to load sprite: /pieces/R/states/short_rest/sprites/sprites0/6.png
Failed to load sprite: /pieces/N/states/idle/sprites/sprites0/6.png
Failed to load sprite: /pieces/N/states/jump/sprites/sprites0/6.png
Failed to load sprite: /pieces/N/states/long_rest/sprites/sprites0/6.png
Failed to load sprite: /pieces/N/states/move/sprites/sprites0/6.png
Failed to load sprite: /pieces/N/states/short_rest/sprites/sprites0/6.png
Failed to load sprite: /pieces/B/states/idle/sprites/sprites0/6.png
Failed to load sprite: /pieces/B/states/jump/sprites/sprites0/6.png
Failed to load sprite: /pieces/B/states/long_rest/sprites/sprites0/6.png
Failed to load sprite: /pieces/B/states/move/sprites/sprites0/6.png
Failed to load sprite: /pieces/B/states/short_rest/sprites/sprites0/6.png
Failed to load sprite: /pieces/K/states/idle/sprites/sprites0/6.png
Failed to load sprite: /pieces/K/states/jump/sprites/sprites0/6.png
Failed to load sprite: /pieces/K/states/long_rest/sprites/sprites0/6.png
Failed to load sprite: /pieces/K/states/move/sprites/sprites0/6.png
Failed to load sprite: /pieces/K/states/short_rest/sprites/sprites0/6.png
Failed to load sprite: /pieces/Q/states/idle/sprites/sprites0/6.png
Failed to load sprite: /pieces/Q/states/jump/sprites/sprites0/6.png
Failed to load sprite: /pieces/Q/states/long_rest/sprites/sprites0/6.png
Failed to load sprite: /pieces/Q/states/move/sprites/sprites0/6.png
Failed to load sprite: /pieces/Q/states/short_rest/sprites/sprites0/6.png
Failed to load sprite: /pieces/B/states/idle/sprites/sprites0/6.png
Failed to load sprite: /pieces/B/states/jump/sprites/sprites0/6.png
Failed to load sprite: /pieces/B/states/long_rest/sprites/sprites0/6.png
Failed to load sprite: /pieces/B/states/move/sprites/sprites0/6.png
Failed to load sprite: /pieces/B/states/short_rest/sprites/sprites0/6.png
Failed to load sprite: /pieces/N/states/idle/sprites/sprites0/6.png
Failed to load sprite: /pieces/N/states/jump/sprites/sprites0/6.png
Failed to load sprite: /pieces/N/states/long_rest/sprites/sprites0/6.png
Failed to load sprite: /pieces/N/states/move/sprites/sprites0/6.png
Failed to load sprite: /pieces/N/states/short_rest/sprites/sprites0/6.png
Failed to load sprite: /pieces/R/states/idle/sprites/sprites0/6.png
Failed to load sprite: /pieces/R/states/jump/sprites/sprites0/6.png
Failed to load sprite: /pieces/R/states/long_rest/sprites/sprites0/6.png
Failed to load sprite: /pieces/R/states/move/sprites/sprites0/6.png
Failed to load sprite: /pieces/R/states/short_rest/sprites/sprites0/6.png
Failed to load sprite: /pieces/P/states/idle/sprites/sprites0/6.png
Failed to load sprite: /pieces/P/states/jump/sprites/sprites0/6.png
Failed to load sprite: /pieces/P/states/long_rest/sprites/sprites0/6.png
Failed to load sprite: /pieces/P/states/move/sprites/sprites0/6.png
Failed to load sprite: /pieces/P/states/short_rest/sprites/sprites0/6.png
Failed to load sprite: /pieces/P/states/idle/sprites/sprites0/6.png
Failed to load sprite: /pieces/P/states/jump/sprites/sprites0/6.png
Failed to load sprite: /pieces/P/states/long_rest/sprites/sprites0/6.png
Failed to load sprite: /pieces/P/states/move/sprites/sprites0/6.png
Failed to load sprite: /pieces/P/states/short_rest/sprites/sprites0/6.png
Failed to load sprite: /pieces/P/states/idle/sprites/sprites0/6.png
Failed to load sprite: /pieces/P/states/jump/sprites/sprites0/6.png
Failed to load sprite: /pieces/P/states/long_rest/sprites/sprites0/6.png
Failed to load sprite: /pieces/P/states/move/sprites/sprites0/6.png
Failed to load sprite: /pieces/P/states/short_rest/sprites/sprites0/6.png
Failed to load sprite: /pieces/P/states/idle/sprites/sprites0/6.png
Failed to load sprite: /pieces/P/states/jump/sprites/sprites0/6.png
Failed to load sprite: /pieces/P/states/long_rest/sprites/sprites0/6.png
Failed to load sprite: /pieces/P/states/move/sprites/sprites0/6.png
Failed to load sprite: /pieces/P/states/short_rest/sprites/sprites0/6.png
Failed to load sprite: /pieces/P/states/idle/sprites/sprites0/6.png
Failed to load sprite: /pieces/P/states/jump/sprites/sprites0/6.png
Failed to load sprite: /pieces/P/states/long_rest/sprites/sprites0/6.png
Failed to load sprite: /pieces/P/states/move/sprites/sprites0/6.png
Failed to load sprite: /pieces/P/states/short_rest/sprites/sprites0/6.png
Failed to load sprite: /pieces/P/states/idle/sprites/sprites0/6.png
Failed to load sprite: /pieces/P/states/jump/sprites/sprites0/6.png
Failed to load sprite: /pieces/P/states/long_rest/sprites/sprites0/6.png
Failed to load sprite: /pieces/P/states/move/sprites/sprites0/6.png
Failed to load sprite: /pieces/P/states/short_rest/sprites/sprites0/6.png
Failed to load sprite: /pieces/P/states/idle/sprites/sprites0/6.png
Failed to load sprite: /pieces/P/states/jump/sprites/sprites0/6.png
Failed to load sprite: /pieces/P/states/long_rest/sprites/sprites0/6.png
Failed to load sprite: /pieces/P/states/move/sprites/sprites0/6.png
Failed to load sprite: /pieces/P/states/short_rest/sprites/sprites0/6.png
Failed to load sprite: /pieces/P/states/idle/sprites/sprites0/6.png
Failed to load sprite: /pieces/P/states/jump/sprites/sprites0/6.png
Failed to load sprite: /pieces/P/states/long_rest/sprites/sprites0/6.png
Failed to load sprite: /pieces/P/states/move/sprites/sprites0/6.png
Failed to load sprite: /pieces/P/states/short_rest/sprites/sprites0/6.png
Failed to load sprite: /pieces/P/states/idle/sprites/sprites1/6.png
Failed to load sprite: /pieces/P/states/jump/sprites/sprites1/6.png
Failed to load sprite: /pieces/P/states/long_rest/sprites/sprites1/6.png
Failed to load sprite: /pieces/P/states/move/sprites/sprites1/6.png
Failed to load sprite: /pieces/P/states/short_rest/sprites/sprites1/6.png
Failed to load sprite: /pieces/P/states/idle/sprites/sprites1/6.png
Failed to load sprite: /pieces/P/states/jump/sprites/sprites1/6.png
Failed to load sprite: /pieces/P/states/long_rest/sprites/sprites1/6.png
Failed to load sprite: /pieces/P/states/move/sprites/sprites1/6.png
Failed to load sprite: /pieces/P/states/short_rest/sprites/sprites1/6.png
Failed to load sprite: /pieces/P/states/idle/sprites/sprites1/6.png
Failed to load sprite: /pieces/P/states/jump/sprites/sprites1/6.png
Failed to load sprite: /pieces/P/states/long_rest/sprites/sprites1/6.png
Failed to load sprite: /pieces/P/states/move/sprites/sprites1/6.png
Failed to load sprite: /pieces/P/states/short_rest/sprites/sprites1/6.png
Failed to load sprite: /pieces/P/states/idle/sprites/sprites1/6.png
Failed to load sprite: /pieces/P/states/jump/sprites/sprites1/6.png
Failed to load sprite: /pieces/P/states/long_rest/sprites/sprites1/6.png
Failed to load sprite: /pieces/P/states/move/sprites/sprites1/6.png
Failed to load sprite: /pieces/P/states/short_rest/sprites/sprites1/6.png
Failed to load sprite: /pieces/P/states/idle/sprites/sprites1/6.png
Failed to load sprite: /pieces/P/states/jump/sprites/sprites1/6.png
Failed to load sprite: /pieces/P/states/long_rest/sprites/sprites1/6.png
Failed to load sprite: /pieces/P/states/move/sprites/sprites1/6.png
Failed to load sprite: /pieces/P/states/short_rest/sprites/sprites1/6.png
Failed to load sprite: /pieces/P/states/idle/sprites/sprites1/6.png
Failed to load sprite: /pieces/P/states/jump/sprites/sprites1/6.png
Failed to load sprite: /pieces/P/states/long_rest/sprites/sprites1/6.png
Failed to load sprite: /pieces/P/states/move/sprites/sprites1/6.png
Failed to load sprite: /pieces/P/states/short_rest/sprites/sprites1/6.png
Failed to load sprite: /pieces/P/states/idle/sprites/sprites1/6.png
Failed to load sprite: /pieces/P/states/jump/sprites/sprites1/6.png
Failed to load sprite: /pieces/P/states/long_rest/sprites/sprites1/6.png
Failed to load sprite: /pieces/P/states/move/sprites/sprites1/6.png
Failed to load sprite: /pieces/P/states/short_rest/sprites/sprites1/6.png
Failed to load sprite: /pieces/P/states/idle/sprites/sprites1/6.png
Failed to load sprite: /pieces/P/states/jump/sprites/sprites1/6.png
Failed to load sprite: /pieces/P/states/long_rest/sprites/sprites1/6.png
Failed to load sprite: /pieces/P/states/move/sprites/sprites1/6.png
Failed to load sprite: /pieces/P/states/short_rest/sprites/sprites1/6.png
Failed to load sprite: /pieces/R/states/idle/sprites/sprites1/6.png
Failed to load sprite: /pieces/R/states/jump/sprites/sprites1/6.png
Failed to load sprite: /pieces/R/states/long_rest/sprites/sprites1/6.png
Failed to load sprite: /pieces/R/states/move/sprites/sprites1/6.png
Failed to load sprite: /pieces/R/states/short_rest/sprites/sprites1/6.png
Failed to load sprite: /pieces/N/states/idle/sprites/sprites1/6.png
Failed to load sprite: /pieces/N/states/jump/sprites/sprites1/6.png
Failed to load sprite: /pieces/N/states/long_rest/sprites/sprites1/6.png
Failed to load sprite: /pieces/N/states/move/sprites/sprites1/6.png
Failed to load sprite: /pieces/N/states/short_rest/sprites/sprites1/6.png
Failed to load sprite: /pieces/B/states/idle/sprites/sprites1/6.png
Failed to load sprite: /pieces/B/states/jump/sprites/sprites1/6.png
Failed to load sprite: /pieces/B/states/long_rest/sprites/sprites1/6.png
Failed to load sprite: /pieces/B/states/move/sprites/sprites1/6.png
Failed to load sprite: /pieces/B/states/short_rest/sprites/sprites1/6.png
Failed to load sprite: /pieces/K/states/idle/sprites/sprites1/6.png
Failed to load sprite: /pieces/K/states/jump/sprites/sprites1/6.png
Failed to load sprite: /pieces/K/states/long_rest/sprites/sprites1/6.png
Failed to load sprite: /pieces/K/states/move/sprites/sprites1/6.png
Failed to load sprite: /pieces/K/states/short_rest/sprites/sprites1/6.png
Failed to load sprite: /pieces/Q/states/idle/sprites/sprites1/6.png
Failed to load sprite: /pieces/Q/states/jump/sprites/sprites1/6.png
Failed to load sprite: /pieces/Q/states/long_rest/sprites/sprites1/6.png
Failed to load sprite: /pieces/Q/states/move/sprites/sprites1/6.png
Failed to load sprite: /pieces/Q/states/short_rest/sprites/sprites1/6.png
Failed to load sprite: /pieces/B/states/idle/sprites/sprites1/6.png
Failed to load sprite: /pieces/B/states/jump/sprites/sprites1/6.png
Failed to load sprite: /pieces/B/states/long_rest/sprites/sprites1/6.png
Failed to load sprite: /pieces/B/states/move/sprites/sprites1/6.png
Failed to load sprite: /pieces/B/states/short_rest/sprites/sprites1/6.png
Failed to load sprite: /pieces/N/states/idle/sprites/sprites1/6.png
Failed to load sprite: /pieces/N/states/jump/sprites/sprites1/6.png
Failed to load sprite: /pieces/N/states/long_rest/sprites/sprites1/6.png
Failed to load sprite: /pieces/N/states/move/sprites/sprites1/6.png
Failed to load sprite: /pieces/N/states/short_rest/sprites/sprites1/6.png
Failed to load sprite: /pieces/R/states/idle/sprites/sprites1/6.png
Failed to load sprite: /pieces/R/states/jump/sprites/sprites1/6.png
Failed to load sprite: /pieces/R/states/long_rest/sprites/sprites1/6.png
Failed to load sprite: /pieces/R/states/move/sprites/sprites1/6.png
Failed to load sprite: /pieces/R/states/short_rest/sprites/sprites1/6.png
